2025-09-17 16:34:24 - INFO - Запуск приложения
2025-09-17 16:34:24 - INFO - Успешное подключение к базе данных task1
2025-09-17 16:34:24 - ERROR - Ошибка при получении данных игры: relation "game_data" does not exist
LINE 1: SELECT * FROM game_data WHERE id = 1
                      ^

2025-09-17 16:34:24 - ERROR - Ошибка при получении данных игры: current transaction is aborted, commands ignored until end of transaction block

2025-09-17 16:35:02 - INFO - Запуск приложения
2025-09-17 16:35:02 - INFO - Успешное подключение к базе данных task1
2025-09-17 16:35:02 - ERROR - Ошибка при получении данных игры: relation "game_data" does not exist
LINE 1: SELECT * FROM game_data WHERE id = 1
                      ^

2025-09-17 16:35:02 - ERROR - Ошибка при получении данных игры: current transaction is aborted, commands ignored until end of transaction block

2025-09-17 16:35:12 - ERROR - Ошибка создания схемы базы данных: current transaction is aborted, commands ignored until end of transaction block

2025-09-17 16:35:12 - ERROR - Ошибка при добавлении тестовых данных: column "patronymic" of relation "actors" does not exist
LINE 2: ...       INSERT INTO actors (last_name, first_name, patronymic...
                                                             ^

2025-09-17 16:35:14 - ERROR - Ошибка при получении данных игры: relation "game_data" does not exist
LINE 1: SELECT * FROM game_data WHERE id = 1
                      ^

2025-09-17 16:35:14 - ERROR - Ошибка при получении списка сюжетов: current transaction is aborted, commands ignored until end of transaction block

2025-09-17 16:35:14 - ERROR - Ошибка при получении списка актеров: current transaction is aborted, commands ignored until end of transaction block

2025-09-17 16:35:15 - ERROR - Ошибка при получении спектаклей: current transaction is aborted, commands ignored until end of transaction block

2025-09-17 16:35:20 - INFO - Соединение с базой данных закрыто
2025-09-17 16:40:08 - INFO - Запуск приложения
2025-09-17 16:40:08 - INFO - Успешное подключение к базе данных task1
2025-09-17 16:42:24 - INFO - Добавлен новый актер с ID 11
2025-09-17 16:43:19 - INFO - Удален актер с ID 11
2025-09-17 16:43:32 - INFO - Успешно создана схема базы данных
2025-09-17 16:43:32 - INFO - Успешно добавлены тестовые данные
2025-09-17 16:44:12 - INFO - Запуск приложения
2025-09-17 16:44:12 - INFO - Успешное подключение к базе данных task1
2025-09-17 16:44:15 - INFO - Успешно создана схема базы данных
2025-09-17 16:44:15 - INFO - Успешно добавлены тестовые данные
2025-09-17 16:44:54 - INFO - Обновлены данные игры: год=2026, капитал=1151546
2025-09-17 16:45:04 - INFO - Успешно создана схема базы данных
2025-09-17 16:45:04 - INFO - Успешно добавлены тестовые данные
2025-09-17 16:46:43 - INFO - Соединение с базой данных закрыто
2025-09-17 16:47:35 - INFO - Запуск приложения
2025-09-17 16:47:36 - INFO - Успешное подключение к базе данных task1
2025-09-17 16:48:48 - INFO - Запуск приложения
2025-09-17 16:48:48 - INFO - Успешное подключение к базе данных task1
2025-09-17 16:51:15 - INFO - Соединение с базой данных закрыто
2025-09-17 16:53:54 - INFO - Запуск приложения
2025-09-17 16:53:54 - INFO - Успешное подключение к базе данных task1
2025-09-17 16:57:49 - INFO - Создан новый спектакль с ID 13
2025-09-17 16:57:49 - INFO - Обновлены данные игры: год=2026, капитал=151546
2025-09-17 16:57:49 - INFO - Актер 3 назначен на роль 'Ревизор' в спектакле 13
2025-09-17 16:57:49 - INFO - Актер 8 назначен на роль 'вфв' в спектакле 13
2025-09-17 16:57:49 - INFO - Актер 5 назначен на роль 'вфввф' в спектакле 13
2025-09-17 16:57:49 - INFO - Актер 7 назначен на роль 'вв' в спектакле 13
2025-09-17 16:57:49 - INFO - Актер 10 назначен на роль 'фв' в спектакле 13
2025-09-17 16:57:49 - INFO - Актер 9 назначен на роль 'апп' в спектакле 13
2025-09-17 16:57:49 - INFO - Спектакль 13 завершен с выручкой 2390477
2025-09-17 16:57:49 - INFO - Обновлены данные игры: год=2027, капитал=1542023
2025-09-17 16:57:49 - INFO - Актеру 3 присвоена награда
2025-09-17 16:57:49 - INFO - Актер 3 уже имеет максимальное звание
2025-09-17 16:57:49 - INFO - Актеру 10 присвоена награда
2025-09-17 16:57:49 - INFO - Актеру 9 присвоена награда
2025-09-17 17:00:26 - INFO - Успешно создана схема базы данных
2025-09-17 17:00:26 - INFO - Успешно добавлены тестовые данные
2025-09-17 17:00:31 - INFO - Соединение с базой данных закрыто
2025-09-17 17:04:49 - INFO - Запуск приложения
2025-09-17 17:04:49 - INFO - Успешное подключение к базе данных task1
2025-09-17 17:05:25 - INFO - Соединение с базой данных закрыто
2025-09-17 17:06:22 - INFO - Запуск приложения
2025-09-17 17:06:22 - INFO - Успешное подключение к базе данных task1
2025-09-17 17:09:10 - INFO - Соединение с базой данных закрыто
2025-09-17 17:10:53 - INFO - Успешное подключение к базе данных task1
2025-09-17 17:10:53 - INFO - Версия PostgreSQL: PostgreSQL 14.19 (Homebrew) on aarch64-apple-darwin24.4.0, compiled by Apple clang version 17.0.0 (clang-1700.0.13.3), 64-bit
2025-09-18 10:00:33 - INFO - Запуск приложения
2025-09-18 10:00:33 - INFO - Подключение к БД task1 успешно
2025-09-18 10:00:33 - ERROR - Ошибка получения игровых данных: permission denied for table game_data

2025-09-18 10:00:33 - ERROR - Ошибка получения игровых данных: current transaction is aborted, commands ignored until end of transaction block

2025-09-18 10:00:38 - INFO - Соединение с БД закрыто
2025-09-18 10:01:02 - INFO - Запуск приложения
2025-09-18 10:01:02 - INFO - Подключение к БД task1 успешно
2025-09-18 10:01:22 - INFO - Тестовые данные успешно добавлены
2025-09-18 10:01:22 - INFO - База данных успешно сброшена
2025-09-18 10:01:30 - INFO - Соединение с БД закрыто
2025-09-18 10:01:33 - INFO - Запуск приложения
2025-09-18 10:01:33 - INFO - Подключение к БД task1 успешно
2025-09-18 10:01:41 - INFO - Соединение с БД закрыто
2025-09-18 10:02:04 - INFO - Запуск приложения
2025-09-18 10:02:04 - INFO - Подключение к БД task1 успешно
2025-09-18 10:02:25 - INFO - Соединение с БД закрыто
2025-09-18 10:02:42 - INFO - Успешное подключение к базе данных task1
2025-09-18 10:02:42 - INFO - Версия PostgreSQL: PostgreSQL 14.19 (Homebrew) on aarch64-apple-darwin24.4.0, compiled by Apple clang version 17.0.0 (clang-1700.0.13.3), 64-bit
2025-09-18 10:02:51 - INFO - Запуск приложения
2025-09-18 10:02:51 - INFO - Подключение к БД task1 успешно
2025-09-18 10:02:55 - INFO - Соединение с БД закрыто
2025-09-18 10:02:57 - INFO - Запуск приложения
2025-09-18 10:02:57 - INFO - Подключение к БД task1 успешно
2025-09-18 10:03:51 - INFO - Добавлен актер с ID 11
2025-09-18 10:04:16 - INFO - Тестовые данные успешно добавлены
2025-09-18 10:04:16 - INFO - База данных успешно сброшена
2025-09-18 10:04:24 - INFO - Соединение с БД закрыто
2025-09-18 10:04:29 - INFO - Запуск приложения
2025-09-18 10:04:29 - INFO - Подключение к БД task1 успешно
2025-09-18 10:04:44 - INFO - Соединение с БД закрыто
2025-09-18 10:09:32 - INFO - Запуск приложения
2025-09-18 10:09:32 - INFO - Подключение к БД task1 успешно
2025-09-18 10:09:36 - INFO - Тестовые данные успешно добавлены
2025-09-18 10:09:36 - INFO - База данных успешно сброшена
2025-09-18 10:09:40 - INFO - Соединение с БД закрыто
2025-09-18 10:09:42 - INFO - Запуск приложения
2025-09-18 10:09:42 - INFO - Подключение к БД task1 успешно
2025-09-18 10:12:08 - INFO - Добавлен актер с ID 11
2025-09-18 10:13:18 - INFO - Удален актер с ID 11
2025-09-18 10:13:51 - INFO - Обновлены игровые данные: год=2026, капитал=1100976
2025-09-18 10:15:43 - INFO - Тестовые данные успешно добавлены
2025-09-18 10:15:43 - INFO - База данных успешно сброшена
2025-09-18 10:30:52 - INFO - Запуск приложения
2025-09-18 10:30:52 - INFO - Подключение к БД task1 успешно
2025-09-18 10:32:20 - INFO - Обновлены игровые данные: год=2026, капитал=1166514
2025-09-18 10:32:45 - INFO - Тестовые данные успешно добавлены
2025-09-18 10:32:45 - INFO - База данных успешно сброшена
2025-09-18 10:33:11 - INFO - Добавлен актер с ID 11
2025-09-18 10:33:18 - INFO - Удален актер с ID 11
2025-09-18 10:34:52 - INFO - Успешное подключение к базе данных task1
2025-09-18 10:34:52 - INFO - Версия PostgreSQL: PostgreSQL 14.19 (Homebrew) on aarch64-apple-darwin24.4.0, compiled by Apple clang version 17.0.0 (clang-1700.0.13.3), 64-bit
2025-09-18 10:37:00 - INFO - Соединение с БД закрыто
2025-09-18 10:38:15 - INFO - Запуск приложения
2025-09-18 10:38:15 - INFO - Подключение к БД task1 успешно
2025-09-18 10:40:32 - INFO - Запуск приложения
2025-09-18 10:40:32 - INFO - Подключение к БД task1 успешно
2025-09-18 10:52:18 - INFO - Запуск приложения
2025-09-18 10:52:18 - INFO - Подключение к БД task1 успешно
2025-09-18 11:00:07 - INFO - Соединение с БД закрыто
2025-09-18 11:02:00 - INFO - Запуск приложения
2025-09-18 11:02:00 - INFO - Подключение к БД task1 успешно
2025-09-18 11:34:33 - INFO - Запуск приложения
2025-09-18 11:34:34 - INFO - Подключение к БД task1 успешно
2025-09-18 11:37:28 - INFO - Запуск приложения
2025-09-18 11:37:28 - INFO - Подключение к БД task1 успешно
2025-09-18 11:40:00 - INFO - Запуск приложения
2025-09-18 11:40:00 - INFO - Подключение к БД task1 успешно
2025-09-18 11:40:00 - ERROR - Ошибка получения игровых данных: permission denied for table game_data

2025-09-18 11:40:13 - INFO - Соединение с БД закрыто
2025-09-18 11:41:12 - INFO - Запуск приложения
2025-09-18 11:41:12 - INFO - Подключение к БД task1 успешно
2025-09-18 11:41:13 - ERROR - Ошибка получения игровых данных: permission denied for table game_data

2025-09-18 11:41:22 - ERROR - Ошибка получения игровых данных: current transaction is aborted, commands ignored until end of transaction block

2025-09-18 11:41:22 - ERROR - Ошибка получения списка сюжетов: current transaction is aborted, commands ignored until end of transaction block

2025-09-18 11:41:22 - ERROR - Ошибка получения списка актеров: current transaction is aborted, commands ignored until end of transaction block

2025-09-18 11:41:28 - INFO - Соединение с БД закрыто
2025-09-18 11:47:04 - INFO - Запуск приложения
2025-09-18 11:47:04 - INFO - Подключение к БД task1 успешно
2025-09-18 11:47:05 - ERROR - Ошибка получения игровых данных: permission denied for table game_data

2025-09-18 11:47:08 - INFO - Соединение с БД закрыто
2025-09-18 11:51:01 - INFO - Запуск приложения
2025-09-18 11:51:01 - INFO - Подключение к БД task1 успешно
2025-09-18 11:51:01 - ERROR - Ошибка получения игровых данных: permission denied for table game_data

2025-09-18 11:51:24 - INFO - Запуск приложения
2025-09-18 11:51:25 - INFO - Подключение к БД task1 успешно
2025-09-18 11:51:25 - ERROR - Ошибка получения игровых данных: permission denied for table game_data

2025-09-18 11:51:26 - ERROR - Ошибка создания схемы БД: permission denied for table game_data

2025-09-18 11:51:26 - ERROR - Ошибка добавления тестовых данных: permission denied for table game_data

2025-09-18 11:51:52 - INFO - Запуск приложения
2025-09-18 11:51:53 - INFO - Подключение к БД task1 успешно
2025-09-18 11:52:19 - INFO - Соединение с БД закрыто
2025-09-18 11:53:51 - INFO - Запуск приложения
2025-09-18 11:53:51 - INFO - Подключение к БД task1 успешно
2025-09-18 11:53:51 - ERROR - Ошибка получения игровых данных: permission denied for table game_data

2025-09-18 11:53:55 - INFO - Соединение с БД закрыто
2025-09-18 11:54:13 - INFO - Запуск приложения
2025-09-18 11:54:13 - INFO - Подключение к БД task1 успешно
2025-09-18 11:54:15 - INFO - Соединение с БД закрыто
2025-09-18 11:58:47 - INFO - Запуск приложения
2025-09-18 11:58:47 - INFO - Подключение к БД task1 успешно
2025-09-18 11:58:51 - INFO - Соединение с БД закрыто
2025-09-18 11:59:07 - INFO - Запуск приложения
2025-09-18 11:59:07 - ERROR - Ошибка подключения к БД: connection to server at "localhost" (::1), port 5432 failed: FATAL:  role "post" does not exist

2025-09-18 12:03:28 - INFO - Запуск приложения
2025-09-18 12:03:28 - ERROR - Ошибка подключения к БД: connection to server at "localhost" (::1), port 5432 failed: FATAL:  role "art" does not exist

2025-09-18 12:04:12 - INFO - Запуск приложения
2025-09-18 12:04:12 - INFO - Подключение к БД task1 успешно
2025-09-18 12:04:14 - INFO - Соединение с БД закрыто
2025-09-18 12:06:29 - INFO - Запуск приложения
2025-09-18 12:06:29 - INFO - Подключение к БД task1 успешно
2025-09-18 12:06:31 - INFO - Соединение с БД закрыто
2025-09-18 12:06:36 - INFO - Запуск приложения
2025-09-18 12:06:37 - ERROR - Ошибка подключения к БД: connection to server at "localhost" (::1), port 5432 failed: FATAL:  role "arta" does not exist

2025-09-18 12:06:57 - INFO - Запуск приложения
2025-09-18 12:06:57 - INFO - Подключение к БД task1 успешно
2025-09-18 12:06:58 - ERROR - Ошибка получения игровых данных: permission denied for table game_data

2025-09-18 12:07:01 - INFO - Соединение с БД закрыто
2025-09-18 12:08:41 - INFO - Запуск приложения
2025-09-18 12:08:42 - INFO - Подключение к БД task1 успешно
2025-09-18 12:08:42 - ERROR - Ошибка получения игровых данных: permission denied for table game_data

2025-09-18 12:08:45 - INFO - Соединение с БД закрыто
2025-09-18 12:14:14 - INFO - Запуск приложения
2025-09-18 12:14:14 - INFO - Подключение к БД task1 успешно
2025-09-18 12:14:14 - ERROR - Ошибка получения игровых данных: permission denied for table game_data

2025-09-18 12:14:17 - INFO - Соединение с БД закрыто
2025-09-18 18:06:54 - INFO - Запуск приложения
2025-09-18 18:06:54 - INFO - Подключение к БД task1 успешно
2025-09-18 18:06:54 - ERROR - Ошибка получения игровых данных: permission denied for table game_data

2025-09-18 18:06:58 - INFO - Соединение с БД закрыто
2025-09-18 18:06:58 - INFO - Запуск приложения
2025-09-18 18:06:58 - INFO - Подключение к БД task1 успешно
2025-09-18 18:06:58 - ERROR - Ошибка получения игровых данных: permission denied for table game_data

2025-09-18 18:07:01 - INFO - Соединение с БД закрыто
2025-09-18 18:07:16 - INFO - Запуск приложения
2025-09-18 18:07:16 - INFO - Подключение к БД task1 успешно
2025-09-18 18:12:17 - INFO - Соединение с БД закрыто
2025-09-18 18:15:09 - INFO - Запуск приложения
2025-09-18 18:15:09 - INFO - Подключение к БД task1 успешно
2025-09-18 18:21:47 - INFO - Запуск приложения
2025-09-18 18:21:47 - INFO - Подключение к БД task1 успешно
2025-09-18 18:22:54 - INFO - Запуск приложения
2025-09-18 18:22:54 - INFO - Подключение к БД task1 успешно
2025-09-18 18:23:00 - INFO - Соединение с БД закрыто
